<?xml version="1.0" encoding="UTF-8"?>
<testsuite name="org.serenity.example.tests.AppTest" time="0.006" tests="1" errors="1" skipped="0" failures="0">
  <properties>
[...]
</properties>
  <testcase name="initializationError" classname="org.serenity.example.tests.AppTest" time="0.006">
    <error message="&#10;&#10;Classes annotated with @RunWith(Cucumber.class) must not define any&#10;Step Definition or Hook methods. Their sole purpose is to serve as&#10;an entry point for JUnit. Step Definitions and Hooks should be defined&#10;in their own classes. This allows them to be reused across features.&#10;Offending class: class org.serenity.example.tests.AppTest&#10;" type="cucumber.runtime.CucumberException"><![CDATA[cucumber.runtime.CucumberException: 

Classes annotated with @RunWith(Cucumber.class) must not define any
Step Definition or Hook methods. Their sole purpose is to serve as
an entry point for JUnit. Step Definitions and Hooks should be defined
in their own classes. This allows them to be reused across features.
Offending class: class org.serenity.example.tests.AppTest

	at cucumber.runtime.junit.Assertions.assertNoCucumberAnnotatedMethods(Assertions.java:16)
	at cucumber.api.junit.Cucumber.<init>(Cucumber.java:57)
	at net.serenitybdd.cucumber.CucumberWithSerenity.<init>(CucumberWithSerenity.java:39)
	at sun.reflect.NativeConstructorAccessorImpl.newInstance0(Native Method)
	at sun.reflect.NativeConstructorAccessorImpl.newInstance(NativeConstructorAccessorImpl.java:62)
	at sun.reflect.DelegatingConstructorAccessorImpl.newInstance(DelegatingConstructorAccessorImpl.java:45)
	at java.lang.reflect.Constructor.newInstance(Constructor.java:423)
	at org.junit.internal.builders.AnnotatedBuilder.buildRunner(AnnotatedBuilder.java:104)
	at org.junit.internal.builders.AnnotatedBuilder.runnerForClass(AnnotatedBuilder.java:86)
	at org.junit.runners.model.RunnerBuilder.safeRunnerForClass(RunnerBuilder.java:59)
	at org.junit.internal.builders.AllDefaultPossibilitiesBuilder.runnerForClass(AllDefaultPossibilitiesBuilder.java:26)
	at org.junit.runners.model.RunnerBuilder.safeRunnerForClass(RunnerBuilder.java:59)
	at org.junit.internal.requests.ClassRequest.getRunner(ClassRequest.java:33)
	at org.apache.maven.surefire.junit4.JUnit4Provider.execute(JUnit4Provider.java:283)
	at org.apache.maven.surefire.junit4.JUnit4Provider.executeWithRerun(JUnit4Provider.java:173)
	at org.apache.maven.surefire.junit4.JUnit4Provider.executeTestSet(JUnit4Provider.java:153)
	at org.apache.maven.surefire.junit4.JUnit4Provider.invoke(JUnit4Provider.java:128)
	at org.apache.maven.surefire.booter.ForkedBooter.invokeProviderInSameClassLoader(ForkedBooter.java:203)
	at org.apache.maven.surefire.booter.ForkedBooter.runSuitesInProcess(ForkedBooter.java:155)
	at org.apache.maven.surefire.booter.ForkedBooter.main(ForkedBooter.java:103)
]]></error>
  </testcase>
</testsuite>